{"name": "Create New Company and Verify its details", "status": "broken", "statusDetails": {"message": "selenium.common.exceptions.UnexpectedTagNameException: Message: Select only works on <select> elements, not on span", "trace": "self = <test_create_compay.TestCreateCompany object at 0x000002539C54EE90>\ndriver = <selenium.webdriver.chrome.webdriver.WebDriver (session=\"fa8a288cb129e778156df1b61717255f\")>\nconfig = {'base_url': 'https://esuite.edot.id', 'email': 'it.qa@edot.id', 'headless': False, 'password': 'it.QA2025'}\nshot = <function shot.<locals>._snap at 0x000002539C5DC510>\n\n    @allure.title(\"Create New Company and Verify its details\")\n    def test_create_company(self, driver, config, shot):\n        login = LoginPage(driver, base_url=config[\"base_url\"])\n        login.open_login()\n        login.login(config[\"email\"], config[\"password\"])\n        login.assert_logged_in()\n        shot(\"logged in\")\n    \n        dashboard = DashboardPage(driver, base_url=config[\"base_url\"])\n        dashboard.goto_company()\n        shot(\"navigated to company module\")\n    \n        company_page = CompanyPage(driver, base_url=config[\"base_url\"])\n        company_page.open_company_form()\n        shot(\"opened company form\")\n        company_name = fake.company()\n        company_email = fake.company_email()\n        company_phone = fake.phone_number()\n        company_address = fake.address().replace(\"\\n\", \", \")\n>       company_page.fill_company_basic_info(\n            name=company_name,\n            email=company_email,\n            phone=company_phone,\n            address=company_address,\n            industry=\"Technology\",\n            company_type=\"Marketplace\",\n            language=\"English\",\n            country=\"Indonesia\",\n            province=\"DKI Jakarta\",\n            city=\"Jakarta Selatan\",\n            district=\"Kebayoran Baru\",\n            subdistrict=\"Gandaria Selatan\"\n        )\n\ntests\\test_create_compay.py:32: \n_ _ _ _ _ _ _ _ _ _ _ _ _ _ _ _ _ _ _ _ _ _ _ _ _ _ _ _ _ _ _ _ _ _ _ _ _ _ _ _ _ \npages\\company_page.py:46: in fill_company_basic_info\n    self.select_from_dropdown(self.DROPDOWN_INDUSTRY, industry)\npages\\base_page.py:35: in select_from_dropdown\n    select_dropdown = Select(element)\n                      ^^^^^^^^^^^^^^^\n_ _ _ _ _ _ _ _ _ _ _ _ _ _ _ _ _ _ _ _ _ _ _ _ _ _ _ _ _ _ _ _ _ _ _ _ _ _ _ _ _ \n\nself = <selenium.webdriver.support.select.Select object at 0x000002539C5E7230>\nwebelement = <selenium.webdriver.remote.webelement.WebElement (session=\"fa8a288cb129e778156df1b61717255f\", element=\"f.B5DEF8BF0BD4F34DC9F74475B57B01A6.d.161EFEBC587EC03A7CA2FD73784CA9A9.e.62\")>\n\n    def __init__(self, webelement: WebElement) -> None:\n        \"\"\"Constructor. A check is made that the given element is, indeed, a\n        SELECT tag. If it is not, then an UnexpectedTagNameException is thrown.\n    \n        Args:\n            webelement: SELECT element to wrap\n    \n        Example:\n            from selenium.webdriver.support.ui import Select \\n\n            Select(driver.find_element(By.TAG_NAME, \"select\")).select_by_index(2)\n        \"\"\"\n        if webelement.tag_name.lower() != \"select\":\n>           raise UnexpectedTagNameException(f\"Select only works on <select> elements, not on {webelement.tag_name}\")\nE           selenium.common.exceptions.UnexpectedTagNameException: Message: Select only works on <select> elements, not on span\n\nC:\\Users\\ripan\\AppData\\Local\\Python\\pythoncore-3.14-64\\Lib\\site-packages\\selenium\\webdriver\\support\\select.py:37: UnexpectedTagNameException"}, "steps": [{"name": "Open Login Page", "status": "passed", "start": 1762973510009, "stop": 1762973510323}, {"name": "Perform Login", "status": "passed", "parameters": [{"name": "email", "value": "'it.qa@edot.id'"}, {"name": "password", "value": "'it.QA2025'"}], "start": 1762973510323, "stop": 1762973513121}, {"name": "Assert Logged In", "status": "passed", "start": 1762973513121, "stop": 1762973514432}, {"name": "Go to Company module", "status": "passed", "start": 1762973514508, "stop": 1762973515087}, {"name": "Open Company Form", "status": "passed", "start": 1762973515158, "stop": 1762973515746}, {"name": "Fill Company Basic Info", "status": "broken", "statusDetails": {"message": "selenium.common.exceptions.UnexpectedTagNameException: Message: Select only works on <select> elements, not on span\n\n", "trace": "  File \"C:\\Users\\ripan\\AppData\\Local\\Python\\pythoncore-3.14-64\\Lib\\site-packages\\allure_commons\\_allure.py\", line 202, in impl\n    return func(*a, **kw)\n  File \"D:\\i_create_code\\testCaseeDot\\webAutomation\\pages\\company_page.py\", line 46, in fill_company_basic_info\n    self.select_from_dropdown(self.DROPDOWN_INDUSTRY, industry)\n    ~~~~~~~~~~~~~~~~~~~~~~~~~^^^^^^^^^^^^^^^^^^^^^^^^^^^^^^^^^^\n  File \"D:\\i_create_code\\testCaseeDot\\webAutomation\\pages\\base_page.py\", line 35, in select_from_dropdown\n    select_dropdown = Select(element)\n  File \"C:\\Users\\ripan\\AppData\\Local\\Python\\pythoncore-3.14-64\\Lib\\site-packages\\selenium\\webdriver\\support\\select.py\", line 37, in __init__\n    raise UnexpectedTagNameException(f\"Select only works on <select> elements, not on {webelement.tag_name}\")\n"}, "parameters": [{"name": "name", "value": "'Perum Santoso Tamba'"}, {"name": "email", "value": "'riniastuti@perum.sch.id'"}, {"name": "phone", "value": "'(0746) 710-1818'"}, {"name": "industry", "value": "'Technology'"}, {"name": "company_type", "value": "'Marketplace'"}, {"name": "language", "value": "'English'"}, {"name": "country", "value": "'Indonesia'"}, {"name": "province", "value": "'DKI Jakarta'"}, {"name": "city", "value": "'Jakarta Selatan'"}, {"name": "district", "value": "'Kebayoran Baru'"}, {"name": "subdistrict", "value": "'Gandaria Selatan'"}, {"name": "address", "value": "'Jalan Pasteur No. 3, Cimahi, PA 12880'"}], "start": 1762973515838, "stop": 1762973516444}], "attachments": [{"name": "logged in", "source": "2447c038-7f7b-4e17-927c-78d3bf190b05-attachment.png", "type": "image/png"}, {"name": "navigated to company module", "source": "4b706491-b831-43c8-a473-921ed0afddad-attachment.png", "type": "image/png"}, {"name": "opened company form", "source": "cdf9a5a7-a7bc-4ff3-9451-90aae668b5fa-attachment.png", "type": "image/png"}], "start": 1762973510009, "stop": 1762973516447, "uuid": "d5aa7cae-0a04-4b6c-a742-17f56e289e1a", "historyId": "3e92e0186f536cd88ad4f1d2f7727f8b", "testCaseId": "3e92e0186f536cd88ad4f1d2f7727f8b", "fullName": "tests.test_create_compay.TestCreateCompany#test_create_company", "labels": [{"name": "severity", "value": "critical"}, {"name": "story", "value": "Create Company"}, {"name": "feature", "value": "Company"}, {"name": "parentSuite", "value": "tests"}, {"name": "suite", "value": "test_create_compay"}, {"name": "subSuite", "value": "TestCreateCompany"}, {"name": "host", "value": "ripan-laptop"}, {"name": "thread", "value": "31252-MainThread"}, {"name": "framework", "value": "pytest"}, {"name": "language", "value": "cpython3"}, {"name": "package", "value": "tests.test_create_compay"}], "titlePath": ["tests", "test_create_compay.py", "TestCreateCompany"]}