{"name": "Create New Company and Verify its details", "status": "failed", "statusDetails": {"message": "AssertionError: Login failed - Beranda dashboard not found", "trace": "self = <test_create_compay.TestCreateCompany object at 0x00000127E34FEC10>\ndriver = <selenium.webdriver.chrome.webdriver.WebDriver (session=\"4120203f73b5a197b30729f775ea5c3d\")>\nconfig = {'base_url': 'https://esuite.edot.id', 'email': 'it.qa@edot.id', 'headless': False, 'password': 'it.QA2025'}\nshot = <function shot.<locals>._snap at 0x00000127E358AC40>\n\n    @allure.title(\"Create New Company and Verify its details\")\n    def test_create_company(self, driver, config, shot):\n        login = LoginPage(driver, base_url=config[\"base_url\"])\n        login.open_login()\n        login.login(config[\"email\"], config[\"password\"])\n>       login.assert_logged_in()\n\ntests\\test_create_compay.py:18: \n_ _ _ _ _ _ _ _ _ _ _ _ _ _ _ _ _ _ _ _ _ _ _ _ _ _ _ _ _ _ _ _ _ _ _ _ _ _ _ _ _ _ _ _ _ _ _ _ _ _\n\nself = <pages.login_page.LoginPage object at 0x00000127E3596CF0>\n\n    @allure.step(\"Assert Logged In\")\n    def assert_logged_in(self):\n>       assert self.exist(self.BERANDA_DASHBOARD), \"Login failed - Beranda dashboard not found\"\n               ^^^^^^^^^^^^^^^^^^^^^^^^^^^^^^^^^^\nE       AssertionError: Login failed - Beranda dashboard not found\n\npages\\login_page.py:28: AssertionError"}, "steps": [{"name": "Open Login Page", "status": "passed", "start": 1762971887400, "stop": 1762971887727}, {"name": "Perform Login", "status": "passed", "parameters": [{"name": "email", "value": "'it.qa@edot.id'"}, {"name": "password", "value": "'it.QA2025'"}], "start": 1762971887728, "stop": 1762971890438}, {"name": "Assert Logged In", "status": "failed", "statusDetails": {"message": "AssertionError: Login failed - Beranda dashboard not found\n", "trace": "  File \"C:\\Users\\ripan\\AppData\\Local\\Python\\pythoncore-3.14-64\\Lib\\site-packages\\allure_commons\\_allure.py\", line 202, in impl\n    return func(*a, **kw)\n  File \"D:\\i_create_code\\testCaseeDot\\webAutomation\\pages\\login_page.py\", line 28, in assert_logged_in\n    assert self.exist(self.BERANDA_DASHBOARD), \"Login failed - Beranda dashboard not found\"\n           ~~~~~~~~~~^^^^^^^^^^^^^^^^^^^^^^^^\n"}, "start": 1762971890438, "stop": 1762971901463}], "attachments": [{"name": "log", "source": "81f9faa1-6c87-4c45-b5b2-fccff02270b7-attachment.txt", "type": "text/plain"}], "start": 1762971887400, "stop": 1762971901465, "uuid": "8f7c1af6-8732-49a0-a931-844930ef1368", "historyId": "3e92e0186f536cd88ad4f1d2f7727f8b", "testCaseId": "3e92e0186f536cd88ad4f1d2f7727f8b", "fullName": "tests.test_create_compay.TestCreateCompany#test_create_company", "labels": [{"name": "story", "value": "Create Company"}, {"name": "severity", "value": "critical"}, {"name": "feature", "value": "Company"}, {"name": "parentSuite", "value": "tests"}, {"name": "suite", "value": "test_create_compay"}, {"name": "subSuite", "value": "TestCreateCompany"}, {"name": "host", "value": "ripan-laptop"}, {"name": "thread", "value": "12428-MainThread"}, {"name": "framework", "value": "pytest"}, {"name": "language", "value": "cpython3"}, {"name": "package", "value": "tests.test_create_compay"}], "titlePath": ["tests", "test_create_compay.py", "TestCreateCompany"]}