{"name": "Create New Company and Verify its details", "status": "broken", "statusDetails": {"message": "selenium.common.exceptions.InvalidArgumentException: Message: invalid argument\n  (Session info: chrome=142.0.7444.134)\nStacktrace:\nSymbols not available. Dumping unresolved backtrace:\n\t0xb04093\n\t0xb040d4\n\t0x90e56b\n\t0x8fe507\n\t0x8fcb08\n\t0x8fd28b\n\t0x9124ce\n\t0x99fb37\n\t0x97c90c\n\t0x99ee17\n\t0x97c706\n\t0x94da30\n\t0x94ed54\n\t0xd75744\n\t0xd7091a\n\t0xb2c322\n\t0xb1c458\n\t0xb231dd\n\t0xb0c408\n\t0xb0c5cc\n\t0xaf675a\n\t0x76295d49\n\t0x774ad6db\n\t0x774ad661", "trace": "self = <test_create_compay.TestCreateCompany object at 0x000001E1BD696D50>\ndriver = <selenium.webdriver.chrome.webdriver.WebDriver (session=\"68ad3f1e1cd8f1149fae07973aad5e72\")>\nconfig = {'base_url': 'it.QA2025', 'email': 'it.QA2025', 'headless': False, 'password': 'it.QA2025'}\nshot = <function shot.<locals>._snap at 0x000001E1BD72C510>\n\n    @allure.title(\"Create New Company and Verify its details\")\n    def test_create_company(self, driver, config, shot):\n        login = LoginPage(driver, base_url=config[\"base_url\"])\n>       login.open_login()\n\ntests\\test_create_compay.py:21: \n_ _ _ _ _ _ _ _ _ _ _ _ _ _ _ _ _ _ _ _ _ _ _ _ _ _ _ _ _ _ _ _ _ _ _ _ _ _ _ _ _ \npages\\login_page.py:15: in open_login\n    self.open(\"/\")\npages\\base_page.py:15: in open\n    self.driver.get(f\"{url}{path}\")\nC:\\Users\\ripan\\AppData\\Local\\Python\\pythoncore-3.14-64\\Lib\\site-packages\\selenium\\webdriver\\remote\\webdriver.py:483: in get\n    self.execute(Command.GET, {\"url\": url})\nC:\\Users\\ripan\\AppData\\Local\\Python\\pythoncore-3.14-64\\Lib\\site-packages\\selenium\\webdriver\\remote\\webdriver.py:458: in execute\n    self.error_handler.check_response(response)\n_ _ _ _ _ _ _ _ _ _ _ _ _ _ _ _ _ _ _ _ _ _ _ _ _ _ _ _ _ _ _ _ _ _ _ _ _ _ _ _ _ \n\nself = <selenium.webdriver.remote.errorhandler.ErrorHandler object at 0x000001E1BD7352B0>\nresponse = {'status': 400, 'value': '{\"value\":{\"error\":\"invalid argument\",\"message\":\"invalid argument\\\\n  (Session info: chrome=1...xb1c458\\\\n\\\\t0xb231dd\\\\n\\\\t0xb0c408\\\\n\\\\t0xb0c5cc\\\\n\\\\t0xaf675a\\\\n\\\\t0x76295d49\\\\n\\\\t0x774ad6db\\\\n\\\\t0x774ad661\\\\n\"}}'}\n\n    def check_response(self, response: dict[str, Any]) -> None:\n        \"\"\"Checks that a JSON response from the WebDriver does not have an\n        error.\n    \n        Args:\n            response: The JSON response from the WebDriver server as a dictionary\n                object.\n    \n        Raises:\n            WebDriverException: If the response contains an error message.\n        \"\"\"\n        status = response.get(\"status\", None)\n        if not status or status == ErrorCode.SUCCESS:\n            return\n        value = None\n        message = response.get(\"message\", \"\")\n        screen: str = response.get(\"screen\", \"\")\n        stacktrace = None\n        if isinstance(status, int):\n            value_json = response.get(\"value\", None)\n            if value_json and isinstance(value_json, str):\n                try:\n                    value = json.loads(value_json)\n                    if isinstance(value, dict):\n                        if len(value) == 1:\n                            value = value[\"value\"]\n                        status = value.get(\"error\", None)\n                        if not status:\n                            status = value.get(\"status\", ErrorCode.UNKNOWN_ERROR)\n                            message = value.get(\"value\") or value.get(\"message\")\n                            if not isinstance(message, str):\n                                value = message\n                                message = message.get(\"message\") if isinstance(message, dict) else None\n                        else:\n                            message = value.get(\"message\", None)\n                except ValueError:\n                    pass\n    \n        exception_class: type[WebDriverException]\n        e = ErrorCode()\n        error_codes = [item for item in dir(e) if not item.startswith(\"__\")]\n        for error_code in error_codes:\n            error_info = getattr(ErrorCode, error_code)\n            if isinstance(error_info, list) and status in error_info:\n                exception_class = getattr(ExceptionMapping, error_code, WebDriverException)\n                break\n        else:\n            exception_class = WebDriverException\n    \n        if not value:\n            value = response[\"value\"]\n        if isinstance(value, str):\n            raise exception_class(value)\n        if message == \"\" and \"message\" in value:\n            message = value[\"message\"]\n    \n        screen = None  # type: ignore[assignment]\n        if \"screen\" in value:\n            screen = value[\"screen\"]\n    \n        stacktrace = None\n        st_value = value.get(\"stackTrace\") or value.get(\"stacktrace\")\n        if st_value:\n            if isinstance(st_value, str):\n                stacktrace = st_value.split(\"\\n\")\n            else:\n                stacktrace = []\n                try:\n                    for frame in st_value:\n                        line = frame.get(\"lineNumber\", \"\")\n                        file = frame.get(\"fileName\", \"<anonymous>\")\n                        if line:\n                            file = f\"{file}:{line}\"\n                        meth = frame.get(\"methodName\", \"<anonymous>\")\n                        if \"className\" in frame:\n                            meth = f\"{frame['className']}.{meth}\"\n                        msg = \"    at %s (%s)\"\n                        msg = msg % (meth, file)\n                        stacktrace.append(msg)\n                except TypeError:\n                    pass\n        if exception_class == UnexpectedAlertPresentException:\n            alert_text = None\n            if \"data\" in value:\n                alert_text = value[\"data\"].get(\"text\")\n            elif \"alert\" in value:\n                alert_text = value[\"alert\"].get(\"text\")\n            raise exception_class(message, screen, stacktrace, alert_text)  # type: ignore[call-arg]  # mypy is not smart enough here\n>       raise exception_class(message, screen, stacktrace)\nE       selenium.common.exceptions.InvalidArgumentException: Message: invalid argument\nE         (Session info: chrome=142.0.7444.134)\nE       Stacktrace:\nE       Symbols not available. Dumping unresolved backtrace:\nE       \t0xb04093\nE       \t0xb040d4\nE       \t0x90e56b\nE       \t0x8fe507\nE       \t0x8fcb08\nE       \t0x8fd28b\nE       \t0x9124ce\nE       \t0x99fb37\nE       \t0x97c90c\nE       \t0x99ee17\nE       \t0x97c706\nE       \t0x94da30\nE       \t0x94ed54\nE       \t0xd75744\nE       \t0xd7091a\nE       \t0xb2c322\nE       \t0xb1c458\nE       \t0xb231dd\nE       \t0xb0c408\nE       \t0xb0c5cc\nE       \t0xaf675a\nE       \t0x76295d49\nE       \t0x774ad6db\nE       \t0x774ad661\n\nC:\\Users\\ripan\\AppData\\Local\\Python\\pythoncore-3.14-64\\Lib\\site-packages\\selenium\\webdriver\\remote\\errorhandler.py:233: InvalidArgumentException"}, "steps": [{"name": "Open Login Page", "status": "broken", "statusDetails": {"message": "selenium.common.exceptions.InvalidArgumentException: Message: invalid argument\n  (Session info: chrome=142.0.7444.134)\nStacktrace:\nSymbols not available. Dumping unresolved backtrace:\n\t0xb04093\n\t0xb040d4\n\t0x90e56b\n\t0x8fe507\n\t0x8fcb08\n\t0x8fd28b\n\t0x9124ce\n\t0x99fb37\n\t0x97c90c\n\t0x99ee17\n\t0x97c706\n\t0x94da30\n\t0x94ed54\n\t0xd75744\n\t0xd7091a\n\t0xb2c322\n\t0xb1c458\n\t0xb231dd\n\t0xb0c408\n\t0xb0c5cc\n\t0xaf675a\n\t0x76295d49\n\t0x774ad6db\n\t0x774ad661\n\n", "trace": "  File \"C:\\Users\\ripan\\AppData\\Local\\Python\\pythoncore-3.14-64\\Lib\\site-packages\\allure_commons\\_allure.py\", line 202, in impl\n    return func(*a, **kw)\n  File \"D:\\i_create_code\\testCaseeDot\\webAutomation\\pages\\login_page.py\", line 15, in open_login\n    self.open(\"/\")\n    ~~~~~~~~~^^^^^\n  File \"D:\\i_create_code\\testCaseeDot\\webAutomation\\pages\\base_page.py\", line 15, in open\n    self.driver.get(f\"{url}{path}\")\n    ~~~~~~~~~~~~~~~^^^^^^^^^^^^^^^^\n  File \"C:\\Users\\ripan\\AppData\\Local\\Python\\pythoncore-3.14-64\\Lib\\site-packages\\selenium\\webdriver\\remote\\webdriver.py\", line 483, in get\n    self.execute(Command.GET, {\"url\": url})\n    ~~~~~~~~~~~~^^^^^^^^^^^^^^^^^^^^^^^^^^^\n  File \"C:\\Users\\ripan\\AppData\\Local\\Python\\pythoncore-3.14-64\\Lib\\site-packages\\selenium\\webdriver\\remote\\webdriver.py\", line 458, in execute\n    self.error_handler.check_response(response)\n    ~~~~~~~~~~~~~~~~~~~~~~~~~~~~~~~~~^^^^^^^^^^\n  File \"C:\\Users\\ripan\\AppData\\Local\\Python\\pythoncore-3.14-64\\Lib\\site-packages\\selenium\\webdriver\\remote\\errorhandler.py\", line 233, in check_response\n    raise exception_class(message, screen, stacktrace)\n"}, "start": 1762979633378, "stop": 1762979633383}], "start": 1762979633378, "stop": 1762979633387, "uuid": "abd7ac0d-97ce-486c-a644-44a1afdf4d12", "historyId": "3e92e0186f536cd88ad4f1d2f7727f8b", "testCaseId": "3e92e0186f536cd88ad4f1d2f7727f8b", "fullName": "tests.test_create_compay.TestCreateCompany#test_create_company", "labels": [{"name": "story", "value": "Create Company"}, {"name": "feature", "value": "Company"}, {"name": "severity", "value": "critical"}, {"name": "parentSuite", "value": "tests"}, {"name": "suite", "value": "test_create_compay"}, {"name": "subSuite", "value": "TestCreateCompany"}, {"name": "host", "value": "ripan-laptop"}, {"name": "thread", "value": "30236-MainThread"}, {"name": "framework", "value": "pytest"}, {"name": "language", "value": "cpython3"}, {"name": "package", "value": "tests.test_create_compay"}], "titlePath": ["tests", "test_create_compay.py", "TestCreateCompany"]}