{"name": "Create New Company and Verify its details", "status": "broken", "statusDetails": {"message": "selenium.common.exceptions.TimeoutException: Message: \nStacktrace:\nSymbols not available. Dumping unresolved backtrace:\n\t0xb04093\n\t0xb040d4\n\t0x90e71d\n\t0x95a03d\n\t0x95a41b\n\t0x9a17f2\n\t0x97c954\n\t0x99ee17\n\t0x97c706\n\t0x94da30\n\t0x94ed54\n\t0xd75744\n\t0xd7091a\n\t0xb2c322\n\t0xb1c458\n\t0xb231dd\n\t0xb0c408\n\t0xb0c5cc\n\t0xaf675a\n\t0x76295d49\n\t0x774ad6db\n\t0x774ad661", "trace": "self = <test_create_compay.TestCreateCompany object at 0x000001B43ACB2E90>\ndriver = <selenium.webdriver.chrome.webdriver.WebDriver (session=\"dd43ee7081d8ea6c9b3fc2bf5f8e20bc\")>\nconfig = {'base_url': 'https://esuite.edot.id', 'email': 'it.qa@edot.id', 'headless': False, 'password': 'it.QA2025'}\nshot = <function shot.<locals>._snap at 0x000001B43ADDC460>\n\n    @allure.title(\"Create New Company and Verify its details\")\n    def test_create_company(self, driver, config, shot):\n        login = LoginPage(driver, base_url=config[\"base_url\"])\n        login.open_login()\n        login.login(config[\"email\"], config[\"password\"])\n        login.assert_logged_in()\n        shot(\"logged in\")\n    \n        dashboard = DashboardPage(driver, base_url=config[\"base_url\"])\n        dashboard.goto_company()\n        shot(\"navigated to company module\")\n    \n        company_page = CompanyPage(driver, base_url=config[\"base_url\"])\n        company_page.open_company_form()\n        shot(\"opened company form\")\n        company_name = fake.company()\n        company_email = fake.company_email()\n        company_phone = fake.phone_number()\n        company_address = fake.address().replace(\"\\n\", \", \")\n        company_page.fill_company_basic_info(\n            name=company_name,\n            email=company_email,\n            phone=company_phone,\n            address=company_address,\n            industry=\"Retail\",\n            company_type=\"Marketplace\",\n            language=\"English\",\n            country=\"Indonesia\",\n            province=\"PAPUA\",\n            city=\"KOTA JAYAPURA\",\n            district=\"HERAM\",\n            subdistrict=\"WAENA\"\n        )\n        shot(\"filled company basic info\")\n        company_page.upload_company_document(\n            document_type=\"Identification Card\",\n            file_path=str(file_path)\n        )\n        shot(\"uploaded company document\")\n    \n        company_page.register_company(\n            branch_name=fake.company_suffix()\n        )\n        shot(\"submitted company registration\")\n    \n        # Verify Company Creation\n>       company_page.verify_company_created(company_name)\n\ntests\\test_create_compay.py:64: \n_ _ _ _ _ _ _ _ _ _ _ _ _ _ _ _ _ _ _ _ _ _ _ _ _ _ _ _ _ _ _ _ _ _ _ _ _ _ _ _ _ \npages\\company_page.py:79: in verify_company_created\n    self.click(company_locator)\npages\\base_page.py:18: in click\n    element = self.wait.until(EC.element_to_be_clickable(by_locator))\n              ^^^^^^^^^^^^^^^^^^^^^^^^^^^^^^^^^^^^^^^^^^^^^^^^^^^^^^^\n_ _ _ _ _ _ _ _ _ _ _ _ _ _ _ _ _ _ _ _ _ _ _ _ _ _ _ _ _ _ _ _ _ _ _ _ _ _ _ _ _ \n\nself = <selenium.webdriver.support.wait.WebDriverWait (session=\"dd43ee7081d8ea6c9b3fc2bf5f8e20bc\")>\nmethod = <function element_to_be_clickable.<locals>._predicate at 0x000001B43ADDC510>\nmessage = ''\n\n    def until(self, method: Callable[[D], Union[Literal[False], T]], message: str = \"\") -> T:\n        \"\"\"Wait until the method returns a value that is not False.\n    \n        Calls the method provided with the driver as an argument until the\n        return value does not evaluate to ``False``.\n    \n        Parameters:\n        -----------\n        method: callable(WebDriver)\n            - A callable object that takes a WebDriver instance as an argument.\n    \n        message: str\n            - Optional message for :exc:`TimeoutException`\n    \n        Return:\n        -------\n        object: T\n            - The result of the last call to `method`\n    \n        Raises:\n        -------\n        TimeoutException\n            - If 'method' does not return a truthy value within the WebDriverWait\n            object's timeout\n    \n        Example:\n        --------\n        >>> from selenium.webdriver.common.by import By\n        >>> from selenium.webdriver.support.ui import WebDriverWait\n        >>> from selenium.webdriver.support import expected_conditions as EC\n    \n        # Wait until an element is visible on the page\n        >>> wait = WebDriverWait(driver, 10)\n        >>> element = wait.until(EC.visibility_of_element_located((By.ID, \"exampleId\")))\n        >>> print(element.text)\n        \"\"\"\n        screen = None\n        stacktrace = None\n    \n        end_time = time.monotonic() + self._timeout\n        while True:\n            try:\n                value = method(self._driver)\n                if value:\n                    return value\n            except self._ignored_exceptions as exc:\n                screen = getattr(exc, \"screen\", None)\n                stacktrace = getattr(exc, \"stacktrace\", None)\n            if time.monotonic() > end_time:\n                break\n            time.sleep(self._poll)\n>       raise TimeoutException(message, screen, stacktrace)\nE       selenium.common.exceptions.TimeoutException: Message: \nE       Stacktrace:\nE       Symbols not available. Dumping unresolved backtrace:\nE       \t0xb04093\nE       \t0xb040d4\nE       \t0x90e71d\nE       \t0x95a03d\nE       \t0x95a41b\nE       \t0x9a17f2\nE       \t0x97c954\nE       \t0x99ee17\nE       \t0x97c706\nE       \t0x94da30\nE       \t0x94ed54\nE       \t0xd75744\nE       \t0xd7091a\nE       \t0xb2c322\nE       \t0xb1c458\nE       \t0xb231dd\nE       \t0xb0c408\nE       \t0xb0c5cc\nE       \t0xaf675a\nE       \t0x76295d49\nE       \t0x774ad6db\nE       \t0x774ad661\n\nC:\\Users\\ripan\\AppData\\Local\\Python\\pythoncore-3.14-64\\Lib\\site-packages\\selenium\\webdriver\\support\\wait.py:138: TimeoutException"}, "steps": [{"name": "Open Login Page", "status": "passed", "start": 1762980077038, "stop": 1762980077534}, {"name": "Perform Login", "status": "passed", "parameters": [{"name": "email", "value": "'it.qa@edot.id'"}, {"name": "password", "value": "'it.QA2025'"}], "start": 1762980077534, "stop": 1762980079898}, {"name": "Assert Logged In", "status": "passed", "start": 1762980079898, "stop": 1762980081200}, {"name": "Go to Company module", "status": "passed", "start": 1762980081286, "stop": 1762980081546}, {"name": "Open Company Form", "status": "passed", "start": 1762980081633, "stop": 1762980082208}, {"name": "Fill Company Basic Info", "status": "passed", "parameters": [{"name": "name", "value": "'PT Puspita Tbk'"}, {"name": "email", "value": "'setiawanjindra@pd.com'"}, {"name": "phone", "value": "'+62 (309) 539-0745'"}, {"name": "industry", "value": "'Retail'"}, {"name": "company_type", "value": "'Marketplace'"}, {"name": "language", "value": "'English'"}, {"name": "country", "value": "'Indonesia'"}, {"name": "province", "value": "'PAPUA'"}, {"name": "city", "value": "'KOTA JAYAPURA'"}, {"name": "district", "value": "'HERAM'"}, {"name": "subdistrict", "value": "'WAENA'"}, {"name": "address", "value": "'Gg. Cikutra Timur No. 38, Kota Administrasi Jakarta Barat, Bali 15019'"}], "start": 1762980082289, "stop": 1762980086333}, {"name": "Upload Company Document", "status": "passed", "parameters": [{"name": "document_type", "value": "'Identification Card'"}, {"name": "file_path", "value": "'D:\\i_create_code\\testCaseeDot\\webAutomation\\tests\\resources\\example_img.jpg'"}], "start": 1762980086405, "stop": 1762980088027}, {"name": "Register Company", "status": "passed", "parameters": [{"name": "branch_name", "value": "'(Persero) Tbk'"}], "start": 1762980088092, "stop": 1762980093517}, {"name": "Verify Company Created", "status": "broken", "statusDetails": {"message": "selenium.common.exceptions.TimeoutException: Message: \nStacktrace:\nSymbols not available. Dumping unresolved backtrace:\n\t0xb04093\n\t0xb040d4\n\t0x90e71d\n\t0x95a03d\n\t0x95a41b\n\t0x9a17f2\n\t0x97c954\n\t0x99ee17\n\t0x97c706\n\t0x94da30\n\t0x94ed54\n\t0xd75744\n\t0xd7091a\n\t0xb2c322\n\t0xb1c458\n\t0xb231dd\n\t0xb0c408\n\t0xb0c5cc\n\t0xaf675a\n\t0x76295d49\n\t0x774ad6db\n\t0x774ad661\n\n", "trace": "  File \"C:\\Users\\ripan\\AppData\\Local\\Python\\pythoncore-3.14-64\\Lib\\site-packages\\allure_commons\\_allure.py\", line 202, in impl\n    return func(*a, **kw)\n  File \"D:\\i_create_code\\testCaseeDot\\webAutomation\\pages\\company_page.py\", line 79, in verify_company_created\n    self.click(company_locator)\n    ~~~~~~~~~~^^^^^^^^^^^^^^^^^\n  File \"D:\\i_create_code\\testCaseeDot\\webAutomation\\pages\\base_page.py\", line 18, in click\n    element = self.wait.until(EC.element_to_be_clickable(by_locator))\n  File \"C:\\Users\\ripan\\AppData\\Local\\Python\\pythoncore-3.14-64\\Lib\\site-packages\\selenium\\webdriver\\support\\wait.py\", line 138, in until\n    raise TimeoutException(message, screen, stacktrace)\n"}, "parameters": [{"name": "company_name", "value": "'PT Puspita Tbk'"}], "start": 1762980093597, "stop": 1762980113846}], "attachments": [{"name": "logged in", "source": "50b80695-7d06-407f-8291-ee7cc5c12a6a-attachment.png", "type": "image/png"}, {"name": "navigated to company module", "source": "1b49fbd6-7423-4fdb-876f-a09484700648-attachment.png", "type": "image/png"}, {"name": "opened company form", "source": "961d00cd-6b14-4728-aaac-3429a8819e22-attachment.png", "type": "image/png"}, {"name": "filled company basic info", "source": "71d43a6b-16ea-4247-81e4-da9ce4ab83bf-attachment.png", "type": "image/png"}, {"name": "uploaded company document", "source": "3bc7bd40-19ea-4501-9b0e-c819e67403b7-attachment.png", "type": "image/png"}, {"name": "submitted company registration", "source": "3943ff0c-cbe2-4933-93fc-ffae94de1479-attachment.png", "type": "image/png"}, {"name": "stdout", "source": "3abf22a9-b343-4d8b-b457-420fbc73af31-attachment.txt", "type": "text/plain"}], "start": 1762980077038, "stop": 1762980113851, "uuid": "0951ce57-dfef-49aa-b1cd-de5826f0bfb3", "historyId": "3e92e0186f536cd88ad4f1d2f7727f8b", "testCaseId": "3e92e0186f536cd88ad4f1d2f7727f8b", "fullName": "tests.test_create_compay.TestCreateCompany#test_create_company", "labels": [{"name": "story", "value": "Create Company"}, {"name": "severity", "value": "critical"}, {"name": "feature", "value": "Company"}, {"name": "parentSuite", "value": "tests"}, {"name": "suite", "value": "test_create_compay"}, {"name": "subSuite", "value": "TestCreateCompany"}, {"name": "host", "value": "ripan-laptop"}, {"name": "thread", "value": "3652-MainThread"}, {"name": "framework", "value": "pytest"}, {"name": "language", "value": "cpython3"}, {"name": "package", "value": "tests.test_create_compay"}], "titlePath": ["tests", "test_create_compay.py", "TestCreateCompany"]}