{"name": "Create New Company and Verify its details", "status": "broken", "statusDetails": {"message": "selenium.common.exceptions.StaleElementReferenceException: Message: stale element reference: stale element not found in the current frame\n  (Session info: chrome=142.0.7444.134); For documentation on this error, please visit: https://www.selenium.dev/documentation/webdriver/troubleshooting/errors#staleelementreferenceexception\nStacktrace:\nSymbols not available. Dumping unresolved backtrace:\n\t0xb04093\n\t0xb040d4\n\t0x90e71d\n\t0x915493\n\t0x917864\n\t0x9178f8\n\t0x9604b2\n\t0x95e8e3\n\t0x95c387\n\t0x95b5fd\n\t0x94fd65\n\t0x97c90c\n\t0x94f7c4\n\t0x97cac4\n\t0x99ee17\n\t0x97c706\n\t0x94da30\n\t0x94ed54\n\t0xd75744\n\t0xd7091a\n\t0xb2c322\n\t0xb1c458\n\t0xb231dd\n\t0xb0c408\n\t0xb0c5cc\n\t0xaf675a\n\t0x76295d49\n\t0x774ad6db\n\t0x774ad661", "trace": "self = <test_create_compay.TestCreateCompany object at 0x0000025153826E90>\ndriver = <selenium.webdriver.chrome.webdriver.WebDriver (session=\"d7b01ba62b2a6df2ba95263a74b57478\")>\nconfig = {'base_url': 'https://esuite.edot.id', 'email': 'it.qa@edot.id', 'headless': True, 'password': 'it.QA2025'}\nshot = <function shot.<locals>._snap at 0x000002515395C3B0>\n\n    @allure.title(\"Create New Company and Verify its details\")\n    def test_create_company(self, driver, config, shot):\n        login = LoginPage(driver, base_url=config[\"base_url\"])\n        login.open_login()\n        login.login(config[\"email\"], config[\"password\"])\n        login.assert_logged_in()\n        shot(\"logged in\")\n    \n        dashboard = DashboardPage(driver, base_url=config[\"base_url\"])\n        dashboard.goto_company()\n        shot(\"navigated to company module\")\n    \n        company_page = CompanyPage(driver, base_url=config[\"base_url\"])\n        company_page.open_company_form()\n        shot(\"opened company form\")\n        company_name = fake.company()\n        company_email = fake.company_email()\n        company_phone = fake.phone_number()\n        company_address = fake.address().replace(\"\\n\", \", \")\n>       company_page.fill_company_basic_info(\n            name=company_name,\n            email=company_email,\n            phone=company_phone,\n            address=company_address,\n            industry=\"Retail\",\n            company_type=\"Marketplace\",\n            language=\"English\",\n            country=\"Indonesia\",\n            province=\"PAPUA\",\n            city=\"KOTA JAYAPURA\",\n            district=\"HERAM\",\n            subdistrict=\"WAENA\"\n        )\n\ntests\\test_create_compay.py:37: \n_ _ _ _ _ _ _ _ _ _ _ _ _ _ _ _ _ _ _ _ _ _ _ _ _ _ _ _ _ _ _ _ _ _ _ _ _ _ _ _ _ \npages\\company_page.py:50: in fill_company_basic_info\n    self.select_from_dropdown(self.DROPDOWN_COUNTRY, country)\npages\\base_page.py:42: in select_from_dropdown\n    target_dropdown.click()\nC:\\Users\\ripan\\AppData\\Local\\Python\\pythoncore-3.14-64\\Lib\\site-packages\\selenium\\webdriver\\remote\\webelement.py:119: in click\n    self._execute(Command.CLICK_ELEMENT)\nC:\\Users\\ripan\\AppData\\Local\\Python\\pythoncore-3.14-64\\Lib\\site-packages\\selenium\\webdriver\\remote\\webelement.py:572: in _execute\n    return self._parent.execute(command, params)\n           ^^^^^^^^^^^^^^^^^^^^^^^^^^^^^^^^^^^^^\nC:\\Users\\ripan\\AppData\\Local\\Python\\pythoncore-3.14-64\\Lib\\site-packages\\selenium\\webdriver\\remote\\webdriver.py:458: in execute\n    self.error_handler.check_response(response)\n_ _ _ _ _ _ _ _ _ _ _ _ _ _ _ _ _ _ _ _ _ _ _ _ _ _ _ _ _ _ _ _ _ _ _ _ _ _ _ _ _ \n\nself = <selenium.webdriver.remote.errorhandler.ErrorHandler object at 0x00000251538B5550>\nresponse = {'status': 404, 'value': '{\"value\":{\"error\":\"stale element reference\",\"message\":\"stale element reference: stale elemen...xb1c458\\\\n\\\\t0xb231dd\\\\n\\\\t0xb0c408\\\\n\\\\t0xb0c5cc\\\\n\\\\t0xaf675a\\\\n\\\\t0x76295d49\\\\n\\\\t0x774ad6db\\\\n\\\\t0x774ad661\\\\n\"}}'}\n\n    def check_response(self, response: dict[str, Any]) -> None:\n        \"\"\"Checks that a JSON response from the WebDriver does not have an\n        error.\n    \n        Args:\n            response: The JSON response from the WebDriver server as a dictionary\n                object.\n    \n        Raises:\n            WebDriverException: If the response contains an error message.\n        \"\"\"\n        status = response.get(\"status\", None)\n        if not status or status == ErrorCode.SUCCESS:\n            return\n        value = None\n        message = response.get(\"message\", \"\")\n        screen: str = response.get(\"screen\", \"\")\n        stacktrace = None\n        if isinstance(status, int):\n            value_json = response.get(\"value\", None)\n            if value_json and isinstance(value_json, str):\n                try:\n                    value = json.loads(value_json)\n                    if isinstance(value, dict):\n                        if len(value) == 1:\n                            value = value[\"value\"]\n                        status = value.get(\"error\", None)\n                        if not status:\n                            status = value.get(\"status\", ErrorCode.UNKNOWN_ERROR)\n                            message = value.get(\"value\") or value.get(\"message\")\n                            if not isinstance(message, str):\n                                value = message\n                                message = message.get(\"message\") if isinstance(message, dict) else None\n                        else:\n                            message = value.get(\"message\", None)\n                except ValueError:\n                    pass\n    \n        exception_class: type[WebDriverException]\n        e = ErrorCode()\n        error_codes = [item for item in dir(e) if not item.startswith(\"__\")]\n        for error_code in error_codes:\n            error_info = getattr(ErrorCode, error_code)\n            if isinstance(error_info, list) and status in error_info:\n                exception_class = getattr(ExceptionMapping, error_code, WebDriverException)\n                break\n        else:\n            exception_class = WebDriverException\n    \n        if not value:\n            value = response[\"value\"]\n        if isinstance(value, str):\n            raise exception_class(value)\n        if message == \"\" and \"message\" in value:\n            message = value[\"message\"]\n    \n        screen = None  # type: ignore[assignment]\n        if \"screen\" in value:\n            screen = value[\"screen\"]\n    \n        stacktrace = None\n        st_value = value.get(\"stackTrace\") or value.get(\"stacktrace\")\n        if st_value:\n            if isinstance(st_value, str):\n                stacktrace = st_value.split(\"\\n\")\n            else:\n                stacktrace = []\n                try:\n                    for frame in st_value:\n                        line = frame.get(\"lineNumber\", \"\")\n                        file = frame.get(\"fileName\", \"<anonymous>\")\n                        if line:\n                            file = f\"{file}:{line}\"\n                        meth = frame.get(\"methodName\", \"<anonymous>\")\n                        if \"className\" in frame:\n                            meth = f\"{frame['className']}.{meth}\"\n                        msg = \"    at %s (%s)\"\n                        msg = msg % (meth, file)\n                        stacktrace.append(msg)\n                except TypeError:\n                    pass\n        if exception_class == UnexpectedAlertPresentException:\n            alert_text = None\n            if \"data\" in value:\n                alert_text = value[\"data\"].get(\"text\")\n            elif \"alert\" in value:\n                alert_text = value[\"alert\"].get(\"text\")\n            raise exception_class(message, screen, stacktrace, alert_text)  # type: ignore[call-arg]  # mypy is not smart enough here\n>       raise exception_class(message, screen, stacktrace)\nE       selenium.common.exceptions.StaleElementReferenceException: Message: stale element reference: stale element not found in the current frame\nE         (Session info: chrome=142.0.7444.134); For documentation on this error, please visit: https://www.selenium.dev/documentation/webdriver/troubleshooting/errors#staleelementreferenceexception\nE       Stacktrace:\nE       Symbols not available. Dumping unresolved backtrace:\nE       \t0xb04093\nE       \t0xb040d4\nE       \t0x90e71d\nE       \t0x915493\nE       \t0x917864\nE       \t0x9178f8\nE       \t0x9604b2\nE       \t0x95e8e3\nE       \t0x95c387\nE       \t0x95b5fd\nE       \t0x94fd65\nE       \t0x97c90c\nE       \t0x94f7c4\nE       \t0x97cac4\nE       \t0x99ee17\nE       \t0x97c706\nE       \t0x94da30\nE       \t0x94ed54\nE       \t0xd75744\nE       \t0xd7091a\nE       \t0xb2c322\nE       \t0xb1c458\nE       \t0xb231dd\nE       \t0xb0c408\nE       \t0xb0c5cc\nE       \t0xaf675a\nE       \t0x76295d49\nE       \t0x774ad6db\nE       \t0x774ad661\n\nC:\\Users\\ripan\\AppData\\Local\\Python\\pythoncore-3.14-64\\Lib\\site-packages\\selenium\\webdriver\\remote\\errorhandler.py:233: StaleElementReferenceException"}, "steps": [{"name": "Open Login Page", "status": "passed", "start": 1762979434015, "stop": 1762979434378}, {"name": "Perform Login", "status": "passed", "parameters": [{"name": "email", "value": "'it.qa@edot.id'"}, {"name": "password", "value": "'it.QA2025'"}], "start": 1762979434378, "stop": 1762979436493}, {"name": "Assert Logged In", "status": "passed", "start": 1762979436493, "stop": 1762979438138}, {"name": "Go to Company module", "status": "passed", "start": 1762979438236, "stop": 1762979438613}, {"name": "Open Company Form", "status": "passed", "start": 1762979438700, "stop": 1762979439276}, {"name": "Fill Company Basic Info", "status": "broken", "statusDetails": {"message": "selenium.common.exceptions.StaleElementReferenceException: Message: stale element reference: stale element not found in the current frame\n  (Session info: chrome=142.0.7444.134); For documentation on this error, please visit: https://www.selenium.dev/documentation/webdriver/troubleshooting/errors#staleelementreferenceexception\nStacktrace:\nSymbols not available. Dumping unresolved backtrace:\n\t0xb04093\n\t0xb040d4\n\t0x90e71d\n\t0x915493\n\t0x917864\n\t0x9178f8\n\t0x9604b2\n\t0x95e8e3\n\t0x95c387\n\t0x95b5fd\n\t0x94fd65\n\t0x97c90c\n\t0x94f7c4\n\t0x97cac4\n\t0x99ee17\n\t0x97c706\n\t0x94da30\n\t0x94ed54\n\t0xd75744\n\t0xd7091a\n\t0xb2c322\n\t0xb1c458\n\t0xb231dd\n\t0xb0c408\n\t0xb0c5cc\n\t0xaf675a\n\t0x76295d49\n\t0x774ad6db\n\t0x774ad661\n\n", "trace": "  File \"C:\\Users\\ripan\\AppData\\Local\\Python\\pythoncore-3.14-64\\Lib\\site-packages\\allure_commons\\_allure.py\", line 202, in impl\n    return func(*a, **kw)\n  File \"D:\\i_create_code\\testCaseeDot\\webAutomation\\pages\\company_page.py\", line 50, in fill_company_basic_info\n    self.select_from_dropdown(self.DROPDOWN_COUNTRY, country)\n    ~~~~~~~~~~~~~~~~~~~~~~~~~^^^^^^^^^^^^^^^^^^^^^^^^^^^^^^^^\n  File \"D:\\i_create_code\\testCaseeDot\\webAutomation\\pages\\base_page.py\", line 42, in select_from_dropdown\n    target_dropdown.click()\n    ~~~~~~~~~~~~~~~~~~~~~^^\n  File \"C:\\Users\\ripan\\AppData\\Local\\Python\\pythoncore-3.14-64\\Lib\\site-packages\\selenium\\webdriver\\remote\\webelement.py\", line 119, in click\n    self._execute(Command.CLICK_ELEMENT)\n    ~~~~~~~~~~~~~^^^^^^^^^^^^^^^^^^^^^^^\n  File \"C:\\Users\\ripan\\AppData\\Local\\Python\\pythoncore-3.14-64\\Lib\\site-packages\\selenium\\webdriver\\remote\\webelement.py\", line 572, in _execute\n    return self._parent.execute(command, params)\n           ~~~~~~~~~~~~~~~~~~~~^^^^^^^^^^^^^^^^^\n  File \"C:\\Users\\ripan\\AppData\\Local\\Python\\pythoncore-3.14-64\\Lib\\site-packages\\selenium\\webdriver\\remote\\webdriver.py\", line 458, in execute\n    self.error_handler.check_response(response)\n    ~~~~~~~~~~~~~~~~~~~~~~~~~~~~~~~~~^^^^^^^^^^\n  File \"C:\\Users\\ripan\\AppData\\Local\\Python\\pythoncore-3.14-64\\Lib\\site-packages\\selenium\\webdriver\\remote\\errorhandler.py\", line 233, in check_response\n    raise exception_class(message, screen, stacktrace)\n"}, "parameters": [{"name": "name", "value": "'PT Kusumo Tampubolon'"}, {"name": "email", "value": "'saifulnainggolan@cv.desa.id'"}, {"name": "phone", "value": "'(0311) 047 8605'"}, {"name": "industry", "value": "'Retail'"}, {"name": "company_type", "value": "'Marketplace'"}, {"name": "language", "value": "'English'"}, {"name": "country", "value": "'Indonesia'"}, {"name": "province", "value": "'PAPUA'"}, {"name": "city", "value": "'KOTA JAYAPURA'"}, {"name": "district", "value": "'HERAM'"}, {"name": "subdistrict", "value": "'WAENA'"}, {"name": "address", "value": "'Gang Indragiri No. 9, Kotamobagu, Kalimantan Utara 99068'"}], "start": 1762979439345, "stop": 1762979441343}], "attachments": [{"name": "logged in", "source": "19b6a5c0-0e5e-4296-a562-a47c90649b0b-attachment.png", "type": "image/png"}, {"name": "navigated to company module", "source": "577d6924-8e45-46be-b5cc-2cf67fab606b-attachment.png", "type": "image/png"}, {"name": "opened company form", "source": "c6bd9c6b-8a4f-42ca-9a57-3921751ead1b-attachment.png", "type": "image/png"}], "start": 1762979434015, "stop": 1762979441346, "uuid": "a2c87a93-e778-4d72-ae23-4d4805975f21", "historyId": "3e92e0186f536cd88ad4f1d2f7727f8b", "testCaseId": "3e92e0186f536cd88ad4f1d2f7727f8b", "fullName": "tests.test_create_compay.TestCreateCompany#test_create_company", "labels": [{"name": "story", "value": "Create Company"}, {"name": "severity", "value": "critical"}, {"name": "feature", "value": "Company"}, {"name": "parentSuite", "value": "tests"}, {"name": "suite", "value": "test_create_compay"}, {"name": "subSuite", "value": "TestCreateCompany"}, {"name": "host", "value": "ripan-laptop"}, {"name": "thread", "value": "26904-MainThread"}, {"name": "framework", "value": "pytest"}, {"name": "language", "value": "cpython3"}, {"name": "package", "value": "tests.test_create_compay"}], "titlePath": ["tests", "test_create_compay.py", "TestCreateCompany"]}