{"name": "Create New Company and Verify its details", "status": "broken", "statusDetails": {"message": "selenium.common.exceptions.StaleElementReferenceException: Message: stale element reference: stale element not found\n  (Session info: chrome=142.0.7444.134); For documentation on this error, please visit: https://www.selenium.dev/documentation/webdriver/troubleshooting/errors#staleelementreferenceexception\nStacktrace:\nSymbols not available. Dumping unresolved backtrace:\n\t0xb04093\n\t0xb040d4\n\t0x90e71d\n\t0x920b61\n\t0x91fc30\n\t0x915f6c\n\t0x914303\n\t0x917864\n\t0x9178f8\n\t0x95ad5a\n\t0x95adf1\n\t0x95280d\n\t0x97c90c\n\t0x94f7c4\n\t0x97cac4\n\t0x99ee17\n\t0x97c706\n\t0x94da30\n\t0x94ed54\n\t0xd75744\n\t0xd7091a\n\t0xb2c322\n\t0xb1c458\n\t0xb231dd\n\t0xb0c408\n\t0xb0c5cc\n\t0xaf675a\n\t0x76295d49\n\t0x774ad6db\n\t0x774ad661", "trace": "self = <test_create_compay.TestCreateCompany object at 0x0000018B420B6D50>\ndriver = <selenium.webdriver.chrome.webdriver.WebDriver (session=\"976cb8f6c11a65e3454509b72acf2951\")>\nconfig = {'base_url': 'https://esuite.edot.id', 'email': 'it.qa@edot.id', 'headless': False, 'password': 'it.QA2025'}\nshot = <function shot.<locals>._snap at 0x0000018B421F0040>\n\n    @allure.title(\"Create New Company and Verify its details\")\n    def test_create_company(self, driver, config, shot):\n        login = LoginPage(driver, base_url=config[\"base_url\"])\n        login.open_login()\n        login.login(config[\"email\"], config[\"password\"])\n        login.assert_logged_in()\n        shot(\"logged in\")\n    \n        dashboard = DashboardPage(driver, base_url=config[\"base_url\"])\n        dashboard.goto_company()\n        shot(\"navigated to company module\")\n    \n        company_page = CompanyPage(driver, base_url=config[\"base_url\"])\n        company_page.open_company_form()\n        shot(\"opened company form\")\n        company_name = fake.company()\n        company_email = fake.company_email()\n        company_phone = fake.phone_number()\n        company_address = fake.address().replace(\"\\n\", \", \")\n        company_page.fill_company_basic_info(\n            name=company_name,\n            email=company_email,\n            phone=company_phone,\n            address=company_address,\n            industry=\"Retail\",\n            company_type=\"Marketplace\",\n            language=\"English\",\n            country=\"Indonesia\",\n            province=\"PAPUA\",\n            city=\"KOTA JAYAPURA\",\n            district=\"HERAM\",\n            subdistrict=\"WAENA\"\n        )\n        shot(\"filled company basic info\")\n        company_page.upload_company_document(\n            document_type=\"Identification Card\",\n            file_path=str(file_path)\n        )\n        shot(\"uploaded company document\")\n    \n        company_page.click(company_page.BUTTON_AUTOFILL_BRANCH_OFFICE)\n        company_page.click(company_page.BUTTON_CHECKBOX_TNC)\n        company_page.click(company_page.BUTTON_REGISTER_COMPANY)\n        shot(\"submitted company registration\")\n    \n        # Verify Company Creation\n>       company_page.verify_company_created(company_name)\n\ntests\\test_create_compay.py:64: \n_ _ _ _ _ _ _ _ _ _ _ _ _ _ _ _ _ _ _ _ _ _ _ _ _ _ _ _ _ _ _ _ _ _ _ _ _ _ _ _ _ \npages\\company_page.py:75: in verify_company_created\n    self.scroll_down()\npages\\base_page.py:53: in scroll_down\n    element.send_keys(Keys.END)\nC:\\Users\\ripan\\AppData\\Local\\Python\\pythoncore-3.14-64\\Lib\\site-packages\\selenium\\webdriver\\remote\\webelement.py:303: in send_keys\n    self._execute(\nC:\\Users\\ripan\\AppData\\Local\\Python\\pythoncore-3.14-64\\Lib\\site-packages\\selenium\\webdriver\\remote\\webelement.py:572: in _execute\n    return self._parent.execute(command, params)\n           ^^^^^^^^^^^^^^^^^^^^^^^^^^^^^^^^^^^^^\nC:\\Users\\ripan\\AppData\\Local\\Python\\pythoncore-3.14-64\\Lib\\site-packages\\selenium\\webdriver\\remote\\webdriver.py:458: in execute\n    self.error_handler.check_response(response)\n_ _ _ _ _ _ _ _ _ _ _ _ _ _ _ _ _ _ _ _ _ _ _ _ _ _ _ _ _ _ _ _ _ _ _ _ _ _ _ _ _ \n\nself = <selenium.webdriver.remote.errorhandler.ErrorHandler object at 0x0000018B42155550>\nresponse = {'status': 404, 'value': '{\"value\":{\"error\":\"stale element reference\",\"message\":\"stale element reference: stale elemen...xb1c458\\\\n\\\\t0xb231dd\\\\n\\\\t0xb0c408\\\\n\\\\t0xb0c5cc\\\\n\\\\t0xaf675a\\\\n\\\\t0x76295d49\\\\n\\\\t0x774ad6db\\\\n\\\\t0x774ad661\\\\n\"}}'}\n\n    def check_response(self, response: dict[str, Any]) -> None:\n        \"\"\"Checks that a JSON response from the WebDriver does not have an\n        error.\n    \n        Args:\n            response: The JSON response from the WebDriver server as a dictionary\n                object.\n    \n        Raises:\n            WebDriverException: If the response contains an error message.\n        \"\"\"\n        status = response.get(\"status\", None)\n        if not status or status == ErrorCode.SUCCESS:\n            return\n        value = None\n        message = response.get(\"message\", \"\")\n        screen: str = response.get(\"screen\", \"\")\n        stacktrace = None\n        if isinstance(status, int):\n            value_json = response.get(\"value\", None)\n            if value_json and isinstance(value_json, str):\n                try:\n                    value = json.loads(value_json)\n                    if isinstance(value, dict):\n                        if len(value) == 1:\n                            value = value[\"value\"]\n                        status = value.get(\"error\", None)\n                        if not status:\n                            status = value.get(\"status\", ErrorCode.UNKNOWN_ERROR)\n                            message = value.get(\"value\") or value.get(\"message\")\n                            if not isinstance(message, str):\n                                value = message\n                                message = message.get(\"message\") if isinstance(message, dict) else None\n                        else:\n                            message = value.get(\"message\", None)\n                except ValueError:\n                    pass\n    \n        exception_class: type[WebDriverException]\n        e = ErrorCode()\n        error_codes = [item for item in dir(e) if not item.startswith(\"__\")]\n        for error_code in error_codes:\n            error_info = getattr(ErrorCode, error_code)\n            if isinstance(error_info, list) and status in error_info:\n                exception_class = getattr(ExceptionMapping, error_code, WebDriverException)\n                break\n        else:\n            exception_class = WebDriverException\n    \n        if not value:\n            value = response[\"value\"]\n        if isinstance(value, str):\n            raise exception_class(value)\n        if message == \"\" and \"message\" in value:\n            message = value[\"message\"]\n    \n        screen = None  # type: ignore[assignment]\n        if \"screen\" in value:\n            screen = value[\"screen\"]\n    \n        stacktrace = None\n        st_value = value.get(\"stackTrace\") or value.get(\"stacktrace\")\n        if st_value:\n            if isinstance(st_value, str):\n                stacktrace = st_value.split(\"\\n\")\n            else:\n                stacktrace = []\n                try:\n                    for frame in st_value:\n                        line = frame.get(\"lineNumber\", \"\")\n                        file = frame.get(\"fileName\", \"<anonymous>\")\n                        if line:\n                            file = f\"{file}:{line}\"\n                        meth = frame.get(\"methodName\", \"<anonymous>\")\n                        if \"className\" in frame:\n                            meth = f\"{frame['className']}.{meth}\"\n                        msg = \"    at %s (%s)\"\n                        msg = msg % (meth, file)\n                        stacktrace.append(msg)\n                except TypeError:\n                    pass\n        if exception_class == UnexpectedAlertPresentException:\n            alert_text = None\n            if \"data\" in value:\n                alert_text = value[\"data\"].get(\"text\")\n            elif \"alert\" in value:\n                alert_text = value[\"alert\"].get(\"text\")\n            raise exception_class(message, screen, stacktrace, alert_text)  # type: ignore[call-arg]  # mypy is not smart enough here\n>       raise exception_class(message, screen, stacktrace)\nE       selenium.common.exceptions.StaleElementReferenceException: Message: stale element reference: stale element not found\nE         (Session info: chrome=142.0.7444.134); For documentation on this error, please visit: https://www.selenium.dev/documentation/webdriver/troubleshooting/errors#staleelementreferenceexception\nE       Stacktrace:\nE       Symbols not available. Dumping unresolved backtrace:\nE       \t0xb04093\nE       \t0xb040d4\nE       \t0x90e71d\nE       \t0x920b61\nE       \t0x91fc30\nE       \t0x915f6c\nE       \t0x914303\nE       \t0x917864\nE       \t0x9178f8\nE       \t0x95ad5a\nE       \t0x95adf1\nE       \t0x95280d\nE       \t0x97c90c\nE       \t0x94f7c4\nE       \t0x97cac4\nE       \t0x99ee17\nE       \t0x97c706\nE       \t0x94da30\nE       \t0x94ed54\nE       \t0xd75744\nE       \t0xd7091a\nE       \t0xb2c322\nE       \t0xb1c458\nE       \t0xb231dd\nE       \t0xb0c408\nE       \t0xb0c5cc\nE       \t0xaf675a\nE       \t0x76295d49\nE       \t0x774ad6db\nE       \t0x774ad661\n\nC:\\Users\\ripan\\AppData\\Local\\Python\\pythoncore-3.14-64\\Lib\\site-packages\\selenium\\webdriver\\remote\\errorhandler.py:233: StaleElementReferenceException"}, "steps": [{"name": "Open Login Page", "status": "passed", "start": 1762979098082, "stop": 1762979098478}, {"name": "Perform Login", "status": "passed", "parameters": [{"name": "email", "value": "'it.qa@edot.id'"}, {"name": "password", "value": "'it.QA2025'"}], "start": 1762979098478, "stop": 1762979100855}, {"name": "Assert Logged In", "status": "passed", "start": 1762979100855, "stop": 1762979102188}, {"name": "Go to Company module", "status": "passed", "start": 1762979102274, "stop": 1762979102955}, {"name": "Open Company Form", "status": "passed", "start": 1762979103035, "stop": 1762979103636}, {"name": "Fill Company Basic Info", "status": "passed", "parameters": [{"name": "name", "value": "'Perum Saragih Wastuti Tbk'"}, {"name": "email", "value": "'nrima35@perum.mil'"}, {"name": "phone", "value": "'+62-063-057-9686'"}, {"name": "industry", "value": "'Retail'"}, {"name": "company_type", "value": "'Marketplace'"}, {"name": "language", "value": "'English'"}, {"name": "country", "value": "'Indonesia'"}, {"name": "province", "value": "'PAPUA'"}, {"name": "city", "value": "'KOTA JAYAPURA'"}, {"name": "district", "value": "'HERAM'"}, {"name": "subdistrict", "value": "'WAENA'"}, {"name": "address", "value": "'Jl. M.H Thamrin No. 20, Gorontalo, SR 60734'"}], "start": 1762979103735, "stop": 1762979108222}, {"name": "Upload Company Document", "status": "passed", "parameters": [{"name": "document_type", "value": "'Identification Card'"}, {"name": "file_path", "value": "'D:\\i_create_code\\testCaseeDot\\webAutomation\\tests\\resources\\example_img.jpg'"}], "start": 1762979108289, "stop": 1762979109863}, {"name": "Verify Company Created", "status": "broken", "statusDetails": {"message": "selenium.common.exceptions.StaleElementReferenceException: Message: stale element reference: stale element not found\n  (Session info: chrome=142.0.7444.134); For documentation on this error, please visit: https://www.selenium.dev/documentation/webdriver/troubleshooting/errors#staleelementreferenceexception\nStacktrace:\nSymbols not available. Dumping unresolved backtrace:\n\t0xb04093\n\t0xb040d4\n\t0x90e71d\n\t0x920b61\n\t0x91fc30\n\t0x915f6c\n\t0x914303\n\t0x917864\n\t0x9178f8\n\t0x95ad5a\n\t0x95adf1\n\t0x95280d\n\t0x97c90c\n\t0x94f7c4\n\t0x97cac4\n\t0x99ee17\n\t0x97c706\n\t0x94da30\n\t0x94ed54\n\t0xd75744\n\t0xd7091a\n\t0xb2c322\n\t0xb1c458\n\t0xb231dd\n\t0xb0c408\n\t0xb0c5cc\n\t0xaf675a\n\t0x76295d49\n\t0x774ad6db\n\t0x774ad661\n\n", "trace": "  File \"C:\\Users\\ripan\\AppData\\Local\\Python\\pythoncore-3.14-64\\Lib\\site-packages\\allure_commons\\_allure.py\", line 202, in impl\n    return func(*a, **kw)\n  File \"D:\\i_create_code\\testCaseeDot\\webAutomation\\pages\\company_page.py\", line 75, in verify_company_created\n    self.scroll_down()\n    ~~~~~~~~~~~~~~~~^^\n  File \"D:\\i_create_code\\testCaseeDot\\webAutomation\\pages\\base_page.py\", line 53, in scroll_down\n    element.send_keys(Keys.END)\n    ~~~~~~~~~~~~~~~~~^^^^^^^^^^\n  File \"C:\\Users\\ripan\\AppData\\Local\\Python\\pythoncore-3.14-64\\Lib\\site-packages\\selenium\\webdriver\\remote\\webelement.py\", line 303, in send_keys\n    self._execute(\n    ~~~~~~~~~~~~~^\n        Command.SEND_KEYS_TO_ELEMENT, {\"text\": \"\".join(keys_to_typing(value)), \"value\": keys_to_typing(value)}\n        ^^^^^^^^^^^^^^^^^^^^^^^^^^^^^^^^^^^^^^^^^^^^^^^^^^^^^^^^^^^^^^^^^^^^^^^^^^^^^^^^^^^^^^^^^^^^^^^^^^^^^^\n    )\n    ^\n  File \"C:\\Users\\ripan\\AppData\\Local\\Python\\pythoncore-3.14-64\\Lib\\site-packages\\selenium\\webdriver\\remote\\webelement.py\", line 572, in _execute\n    return self._parent.execute(command, params)\n           ~~~~~~~~~~~~~~~~~~~~^^^^^^^^^^^^^^^^^\n  File \"C:\\Users\\ripan\\AppData\\Local\\Python\\pythoncore-3.14-64\\Lib\\site-packages\\selenium\\webdriver\\remote\\webdriver.py\", line 458, in execute\n    self.error_handler.check_response(response)\n    ~~~~~~~~~~~~~~~~~~~~~~~~~~~~~~~~~^^^^^^^^^^\n  File \"C:\\Users\\ripan\\AppData\\Local\\Python\\pythoncore-3.14-64\\Lib\\site-packages\\selenium\\webdriver\\remote\\errorhandler.py\", line 233, in check_response\n    raise exception_class(message, screen, stacktrace)\n"}, "parameters": [{"name": "company_name", "value": "'Perum Saragih Wastuti Tbk'"}], "start": 1762979110201, "stop": 1762979110440}], "attachments": [{"name": "logged in", "source": "b522ca3e-884f-44ee-999a-97e8c712bc99-attachment.png", "type": "image/png"}, {"name": "navigated to company module", "source": "a82945a6-e6e3-4147-a6b7-da1586c60ddb-attachment.png", "type": "image/png"}, {"name": "opened company form", "source": "f50c5461-0df6-4161-9032-720e04b00df5-attachment.png", "type": "image/png"}, {"name": "filled company basic info", "source": "18991f09-0a9e-4eef-bfbb-b6271d7b431c-attachment.png", "type": "image/png"}, {"name": "uploaded company document", "source": "ebf4c0d1-401b-455b-8154-770daa3f89f5-attachment.png", "type": "image/png"}, {"name": "submitted company registration", "source": "6f406523-74d0-41de-9fc5-0ed96f54508e-attachment.png", "type": "image/png"}], "start": 1762979098081, "stop": 1762979110446, "uuid": "0af67130-c2b3-4eba-96c9-baca3e52df6f", "historyId": "3e92e0186f536cd88ad4f1d2f7727f8b", "testCaseId": "3e92e0186f536cd88ad4f1d2f7727f8b", "fullName": "tests.test_create_compay.TestCreateCompany#test_create_company", "labels": [{"name": "story", "value": "Create Company"}, {"name": "feature", "value": "Company"}, {"name": "severity", "value": "critical"}, {"name": "parentSuite", "value": "tests"}, {"name": "suite", "value": "test_create_compay"}, {"name": "subSuite", "value": "TestCreateCompany"}, {"name": "host", "value": "ripan-laptop"}, {"name": "thread", "value": "15708-MainThread"}, {"name": "framework", "value": "pytest"}, {"name": "language", "value": "cpython3"}, {"name": "package", "value": "tests.test_create_compay"}], "titlePath": ["tests", "test_create_compay.py", "TestCreateCompany"]}