{"name": "Create New Company and Verify its details", "status": "broken", "statusDetails": {"message": "selenium.common.exceptions.TimeoutException: Message: \nStacktrace:\nSymbols not available. Dumping unresolved backtrace:\n\t0xb04093\n\t0xb040d4\n\t0x90e71d\n\t0x95a03d\n\t0x95a41b\n\t0x9a17f2\n\t0x97c954\n\t0x99ee17\n\t0x97c706\n\t0x94da30\n\t0x94ed54\n\t0xd75744\n\t0xd7091a\n\t0xb2c322\n\t0xb1c458\n\t0xb231dd\n\t0xb0c408\n\t0xb0c5cc\n\t0xaf675a\n\t0x76295d49\n\t0x774ad6db\n\t0x774ad661", "trace": "self = <test_create_compay.TestCreateCompany object at 0x0000017A82C22E90>\ndriver = <selenium.webdriver.chrome.webdriver.WebDriver (session=\"11cc34d49e9adb16afed62f4504e30a9\")>\nconfig = {'base_url': 'https://esuite.edot.id', 'email': 'it.qa@edot.id', 'headless': False, 'password': 'it.QA2025'}\nshot = <function shot.<locals>._snap at 0x0000017A82CAC5C0>\n\n    @allure.title(\"Create New Company and Verify its details\")\n    def test_create_company(self, driver, config, shot):\n        login = LoginPage(driver, base_url=config[\"base_url\"])\n        login.open_login()\n        login.login(config[\"email\"], config[\"password\"])\n        login.assert_logged_in()\n        shot(\"logged in\")\n    \n        dashboard = DashboardPage(driver, base_url=config[\"base_url\"])\n        dashboard.goto_company()\n        shot(\"navigated to company module\")\n    \n        company_page = CompanyPage(driver, base_url=config[\"base_url\"])\n        company_page.open_company_form()\n        shot(\"opened company form\")\n        company_name = fake.company()\n        company_email = fake.company_email()\n        company_phone = fake.phone_number()\n        company_address = fake.address().replace(\"\\n\", \", \")\n>       company_page.fill_company_basic_info(\n            name=company_name,\n            email=company_email,\n            phone=company_phone,\n            address=company_address,\n            industry=\"Retail\",\n            company_type=\"Marketplace\",\n            language=\"English\",\n            country=\"Indonesia\",\n            province=\"DKI Jakarta\",\n            city=\"Jakarta Selatan\",\n            district=\"Kebayoran Baru\",\n            subdistrict=\"Gandaria Selatan\"\n        )\n\ntests\\test_create_compay.py:32: \n_ _ _ _ _ _ _ _ _ _ _ _ _ _ _ _ _ _ _ _ _ _ _ _ _ _ _ _ _ _ _ _ _ _ _ _ _ _ _ _ _ \npages\\company_page.py:46: in fill_company_basic_info\n    self.select_from_dropdown(self.DROPDOWN_INDUSTRY, industry)\npages\\base_page.py:36: in select_from_dropdown\n    if self.wait.until(EC.presence_of_element_located((By.XPATH, f\"//input[.='Search']\"))) is visible():\n       ^^^^^^^^^^^^^^^^^^^^^^^^^^^^^^^^^^^^^^^^^^^^^^^^^^^^^^^^^^^^^^^^^^^^^^^^^^^^^^^^^^^\n_ _ _ _ _ _ _ _ _ _ _ _ _ _ _ _ _ _ _ _ _ _ _ _ _ _ _ _ _ _ _ _ _ _ _ _ _ _ _ _ _ \n\nself = <selenium.webdriver.support.wait.WebDriverWait (session=\"11cc34d49e9adb16afed62f4504e30a9\")>\nmethod = <function presence_of_element_located.<locals>._predicate at 0x0000017A8278B1C0>\nmessage = ''\n\n    def until(self, method: Callable[[D], Union[Literal[False], T]], message: str = \"\") -> T:\n        \"\"\"Wait until the method returns a value that is not False.\n    \n        Calls the method provided with the driver as an argument until the\n        return value does not evaluate to ``False``.\n    \n        Parameters:\n        -----------\n        method: callable(WebDriver)\n            - A callable object that takes a WebDriver instance as an argument.\n    \n        message: str\n            - Optional message for :exc:`TimeoutException`\n    \n        Return:\n        -------\n        object: T\n            - The result of the last call to `method`\n    \n        Raises:\n        -------\n        TimeoutException\n            - If 'method' does not return a truthy value within the WebDriverWait\n            object's timeout\n    \n        Example:\n        --------\n        >>> from selenium.webdriver.common.by import By\n        >>> from selenium.webdriver.support.ui import WebDriverWait\n        >>> from selenium.webdriver.support import expected_conditions as EC\n    \n        # Wait until an element is visible on the page\n        >>> wait = WebDriverWait(driver, 10)\n        >>> element = wait.until(EC.visibility_of_element_located((By.ID, \"exampleId\")))\n        >>> print(element.text)\n        \"\"\"\n        screen = None\n        stacktrace = None\n    \n        end_time = time.monotonic() + self._timeout\n        while True:\n            try:\n                value = method(self._driver)\n                if value:\n                    return value\n            except self._ignored_exceptions as exc:\n                screen = getattr(exc, \"screen\", None)\n                stacktrace = getattr(exc, \"stacktrace\", None)\n            if time.monotonic() > end_time:\n                break\n            time.sleep(self._poll)\n>       raise TimeoutException(message, screen, stacktrace)\nE       selenium.common.exceptions.TimeoutException: Message: \nE       Stacktrace:\nE       Symbols not available. Dumping unresolved backtrace:\nE       \t0xb04093\nE       \t0xb040d4\nE       \t0x90e71d\nE       \t0x95a03d\nE       \t0x95a41b\nE       \t0x9a17f2\nE       \t0x97c954\nE       \t0x99ee17\nE       \t0x97c706\nE       \t0x94da30\nE       \t0x94ed54\nE       \t0xd75744\nE       \t0xd7091a\nE       \t0xb2c322\nE       \t0xb1c458\nE       \t0xb231dd\nE       \t0xb0c408\nE       \t0xb0c5cc\nE       \t0xaf675a\nE       \t0x76295d49\nE       \t0x774ad6db\nE       \t0x774ad661\n\nC:\\Users\\ripan\\AppData\\Local\\Python\\pythoncore-3.14-64\\Lib\\site-packages\\selenium\\webdriver\\support\\wait.py:138: TimeoutException"}, "steps": [{"name": "Open Login Page", "status": "passed", "start": 1762974504594, "stop": 1762974505182}, {"name": "Perform Login", "status": "passed", "parameters": [{"name": "email", "value": "'it.qa@edot.id'"}, {"name": "password", "value": "'it.QA2025'"}], "start": 1762974505183, "stop": 1762974507612}, {"name": "Assert Logged In", "status": "passed", "start": 1762974507612, "stop": 1762974508915}, {"name": "Go to Company module", "status": "passed", "start": 1762974509024, "stop": 1762974509296}, {"name": "Open Company Form", "status": "passed", "start": 1762974509378, "stop": 1762974509995}, {"name": "Fill Company Basic Info", "status": "broken", "statusDetails": {"message": "selenium.common.exceptions.TimeoutException: Message: \nStacktrace:\nSymbols not available. Dumping unresolved backtrace:\n\t0xb04093\n\t0xb040d4\n\t0x90e71d\n\t0x95a03d\n\t0x95a41b\n\t0x9a17f2\n\t0x97c954\n\t0x99ee17\n\t0x97c706\n\t0x94da30\n\t0x94ed54\n\t0xd75744\n\t0xd7091a\n\t0xb2c322\n\t0xb1c458\n\t0xb231dd\n\t0xb0c408\n\t0xb0c5cc\n\t0xaf675a\n\t0x76295d49\n\t0x774ad6db\n\t0x774ad661\n\n", "trace": "  File \"C:\\Users\\ripan\\AppData\\Local\\Python\\pythoncore-3.14-64\\Lib\\site-packages\\allure_commons\\_allure.py\", line 202, in impl\n    return func(*a, **kw)\n  File \"D:\\i_create_code\\testCaseeDot\\webAutomation\\pages\\company_page.py\", line 46, in fill_company_basic_info\n    self.select_from_dropdown(self.DROPDOWN_INDUSTRY, industry)\n    ~~~~~~~~~~~~~~~~~~~~~~~~~^^^^^^^^^^^^^^^^^^^^^^^^^^^^^^^^^^\n  File \"D:\\i_create_code\\testCaseeDot\\webAutomation\\pages\\base_page.py\", line 36, in select_from_dropdown\n    if self.wait.until(EC.presence_of_element_located((By.XPATH, f\"//input[.='Search']\"))) is visible():\n       ~~~~~~~~~~~~~~~^^^^^^^^^^^^^^^^^^^^^^^^^^^^^^^^^^^^^^^^^^^^^^^^^^^^^^^^^^^^^^^^^^^^\n  File \"C:\\Users\\ripan\\AppData\\Local\\Python\\pythoncore-3.14-64\\Lib\\site-packages\\selenium\\webdriver\\support\\wait.py\", line 138, in until\n    raise TimeoutException(message, screen, stacktrace)\n"}, "parameters": [{"name": "name", "value": "'UD Riyanti Tbk'"}, {"name": "email", "value": "'paiman21@perum.biz.id'"}, {"name": "phone", "value": "'+62-0284-618-8022'"}, {"name": "industry", "value": "'Retail'"}, {"name": "company_type", "value": "'Marketplace'"}, {"name": "language", "value": "'English'"}, {"name": "country", "value": "'Indonesia'"}, {"name": "province", "value": "'DKI Jakarta'"}, {"name": "city", "value": "'Jakarta Selatan'"}, {"name": "district", "value": "'Kebayoran Baru'"}, {"name": "subdistrict", "value": "'Gandaria Selatan'"}, {"name": "address", "value": "'Jl. Jend. Sudirman No. 2, Pangkalpinang, JK 80609'"}], "start": 1762974510089, "stop": 1762974531141}], "attachments": [{"name": "logged in", "source": "9ee27b34-f5c8-41f1-ae72-b79454a66cda-attachment.png", "type": "image/png"}, {"name": "navigated to company module", "source": "2a08a1c8-2774-4ccb-8661-92d48cb9c8da-attachment.png", "type": "image/png"}, {"name": "opened company form", "source": "01d8a0e4-e6d5-40e4-bd40-75e09a7b4cf8-attachment.png", "type": "image/png"}], "start": 1762974504593, "stop": 1762974531143, "uuid": "d73c1b56-a77f-4dec-a07a-d1a237467821", "historyId": "3e92e0186f536cd88ad4f1d2f7727f8b", "testCaseId": "3e92e0186f536cd88ad4f1d2f7727f8b", "fullName": "tests.test_create_compay.TestCreateCompany#test_create_company", "labels": [{"name": "story", "value": "Create Company"}, {"name": "feature", "value": "Company"}, {"name": "severity", "value": "critical"}, {"name": "parentSuite", "value": "tests"}, {"name": "suite", "value": "test_create_compay"}, {"name": "subSuite", "value": "TestCreateCompany"}, {"name": "host", "value": "ripan-laptop"}, {"name": "thread", "value": "23424-MainThread"}, {"name": "framework", "value": "pytest"}, {"name": "language", "value": "cpython3"}, {"name": "package", "value": "tests.test_create_compay"}], "titlePath": ["tests", "test_create_compay.py", "TestCreateCompany"]}